{"C:\\Users\\akeam\\Documents\\Projects\\södermalmsskolan.com\\site\\next.config.js": {"path":"C:\\Users\\akeam\\Documents\\Projects\\södermalmsskolan.com\\site\\next.config.js","statementMap":{"0":{"start":{"line":2,"column":17},"end":{"line":2,"column":43}},"1":{"start":{"line":3,"column":16},"end":{"line":3,"column":41}},"2":{"start":{"line":4,"column":13},"end":{"line":4,"column":28}},"3":{"start":{"line":6,"column":0},"end":{"line":34,"column":2}},"4":{"start":{"line":12,"column":25},"end":{"line":12,"column":66}},"5":{"start":{"line":13,"column":8},"end":{"line":18,"column":9}},"6":{"start":{"line":14,"column":23},"end":{"line":14,"column":52}},"7":{"start":{"line":15,"column":10},"end":{"line":15,"column":41}},"8":{"start":{"line":17,"column":10},"end":{"line":17,"column":27}},"9":{"start":{"line":27,"column":6},"end":{"line":29,"column":7}},"10":{"start":{"line":28,"column":8},"end":{"line":28,"column":48}},"11":{"start":{"line":31,"column":6},"end":{"line":31,"column":20}}},"fnMap":{"0":{"name":"(anonymous_0)","decl":{"start":{"line":11,"column":21},"end":{"line":11,"column":22}},"loc":{"start":{"line":11,"column":76},"end":{"line":19,"column":7}},"line":11},"1":{"name":"(anonymous_1)","decl":{"start":{"line":25,"column":13},"end":{"line":25,"column":14}},"loc":{"start":{"line":25,"column":39},"end":{"line":32,"column":5}},"line":25}},"branchMap":{"0":{"loc":{"start":{"line":13,"column":8},"end":{"line":18,"column":9}},"type":"if","locations":[{"start":{"line":13,"column":8},"end":{"line":18,"column":9}},{"start":{"line":13,"column":8},"end":{"line":18,"column":9}}],"line":13},"1":{"loc":{"start":{"line":27,"column":6},"end":{"line":29,"column":7}},"type":"if","locations":[{"start":{"line":27,"column":6},"end":{"line":29,"column":7}},{"start":{"line":27,"column":6},"end":{"line":29,"column":7}}],"line":27}},"s":{"0":1,"1":1,"2":1,"3":1,"4":0,"5":0,"6":0,"7":0,"8":0,"9":0,"10":0,"11":0},"f":{"0":0,"1":0},"b":{"0":[0,0],"1":[0,0]},"_coverageSchema":"1a1c01bbd47fc00a2c39e90264f33305004495a9","hash":"19684c79e4ef55f874291ea110be02658ece817b"}
}
